This file contains any messages produced by compilers while
running configure, to aid debugging if configure makes a mistake.

It was created by libmpsse configure 1.3, which was
generated by GNU Autoconf 2.65.  Invocation command line was

  $ ./configure --disable-python

## --------- ##
## Platform. ##
## --------- ##

hostname = ttn-gateway
uname -m = armv7l
uname -r = 5.10.11-v7l+
uname -s = Linux
uname -v = #1399 SMP Thu Jan 28 12:09:48 GMT 2021

/usr/bin/uname -p = unknown
/bin/uname -X     = unknown

/bin/arch              = unknown
/usr/bin/arch -k       = unknown
/usr/convex/getsysinfo = unknown
/usr/bin/hostinfo      = unknown
/bin/machine           = unknown
/usr/bin/oslevel       = unknown
/bin/universe          = unknown

PATH: /usr/local/sbin
PATH: /usr/local/bin
PATH: /usr/sbin
PATH: /usr/bin
PATH: /sbin
PATH: /bin


## ----------- ##
## Core tests. ##
## ----------- ##

configure:2119: checking for gcc
configure:2135: found /usr/bin/gcc
configure:2146: result: gcc
configure:2375: checking for C compiler version
configure:2384: gcc --version >&5
gcc (Raspbian 8.3.0-6+rpi1) 8.3.0
Copyright (C) 2018 Free Software Foundation, Inc.
This is free software; see the source for copying conditions.  There is NO
warranty; not even for MERCHANTABILITY or FITNESS FOR A PARTICULAR PURPOSE.

configure:2395: $? = 0
configure:2384: gcc -v >&5
Using built-in specs.
COLLECT_GCC=gcc
COLLECT_LTO_WRAPPER=/usr/lib/gcc/arm-linux-gnueabihf/8/lto-wrapper
Target: arm-linux-gnueabihf
Configured with: ../src/configure -v --with-pkgversion='Raspbian 8.3.0-6+rpi1' --with-bugurl=file:///usr/share/doc/gcc-8/README.Bugs --enable-languages=c,ada,c++,go,d,fortran,objc,obj-c++ --prefix=/usr --with-gcc-major-version-only --program-suffix=-8 --program-prefix=arm-linux-gnueabihf- --enable-shared --enable-linker-build-id --libexecdir=/usr/lib --without-included-gettext --enable-threads=posix --libdir=/usr/lib --enable-nls --enable-bootstrap --enable-clocale=gnu --enable-libstdcxx-debug --enable-libstdcxx-time=yes --with-default-libstdcxx-abi=new --enable-gnu-unique-object --disable-libitm --disable-libquadmath --disable-libquadmath-support --enable-plugin --with-system-zlib --with-target-system-zlib --enable-objc-gc=auto --enable-multiarch --disable-sjlj-exceptions --with-arch=armv6 --with-fpu=vfp --with-float=hard --disable-werror --enable-checking=release --build=arm-linux-gnueabihf --host=arm-linux-gnueabihf --target=arm-linux-gnueabihf
Thread model: posix
gcc version 8.3.0 (Raspbian 8.3.0-6+rpi1) 
configure:2395: $? = 0
configure:2384: gcc -V >&5
gcc: error: unrecognized command line option '-V'
gcc: fatal error: no input files
compilation terminated.
configure:2395: $? = 1
configure:2384: gcc -qversion >&5
gcc: error: unrecognized command line option '-qversion'; did you mean '--version'?
gcc: fatal error: no input files
compilation terminated.
configure:2395: $? = 1
configure:2415: checking whether the C compiler works
configure:2437: gcc    conftest.c  >&5
configure:2441: $? = 0
configure:2490: result: yes
configure:2493: checking for C compiler default output file name
configure:2495: result: a.out
configure:2501: checking for suffix of executables
configure:2508: gcc -o conftest    conftest.c  >&5
configure:2512: $? = 0
configure:2534: result: 
configure:2556: checking whether we are cross compiling
configure:2564: gcc -o conftest    conftest.c  >&5
configure:2568: $? = 0
configure:2575: ./conftest
configure:2579: $? = 0
configure:2567: result: no
configure:2572: checking for suffix of object files
configure:2594: gcc -c   conftest.c >&5
configure:2598: $? = 0
configure:2619: result: o
configure:2623: checking whether we are using the GNU C compiler
configure:2642: gcc -c   conftest.c >&5
configure:2642: $? = 0
configure:2651: result: yes
configure:2660: checking whether gcc accepts -g
configure:2680: gcc -c -g  conftest.c >&5
configure:2680: $? = 0
configure:2721: result: yes
configure:2738: checking for gcc option to accept ISO C89
configure:2802: gcc  -c -g -O2  conftest.c >&5
configure:2802: $? = 0
configure:2815: result: none needed
configure:2848: checking how to run the C preprocessor
configure:2879: gcc -E  conftest.c
configure:2879: $? = 0
configure:2893: gcc -E  conftest.c
conftest.c:9:10: fatal error: ac_nonexistent.h: No such file or directory
 #include <ac_nonexistent.h>
          ^~~~~~~~~~~~~~~~~~
compilation terminated.
configure:2893: $? = 1
configure: failed program was:
| /* confdefs.h */
| #define PACKAGE_NAME "libmpsse"
| #define PACKAGE_TARNAME "libmpsse"
| #define PACKAGE_VERSION "1.3"
| #define PACKAGE_STRING "libmpsse 1.3"
| #define PACKAGE_BUGREPORT "http://libmpsse.googlecode.com"
| #define PACKAGE_URL ""
| /* end confdefs.h.  */
| #include <ac_nonexistent.h>
configure:2918: result: gcc -E
configure:2938: gcc -E  conftest.c
configure:2938: $? = 0
configure:2952: gcc -E  conftest.c
conftest.c:9:10: fatal error: ac_nonexistent.h: No such file or directory
 #include <ac_nonexistent.h>
          ^~~~~~~~~~~~~~~~~~
compilation terminated.
configure:2952: $? = 1
configure: failed program was:
| /* confdefs.h */
| #define PACKAGE_NAME "libmpsse"
| #define PACKAGE_TARNAME "libmpsse"
| #define PACKAGE_VERSION "1.3"
| #define PACKAGE_STRING "libmpsse 1.3"
| #define PACKAGE_BUGREPORT "http://libmpsse.googlecode.com"
| #define PACKAGE_URL ""
| /* end confdefs.h.  */
| #include <ac_nonexistent.h>
configure:2981: checking for grep that handles long lines and -e
configure:3039: result: /bin/grep
configure:3044: checking for egrep
configure:3106: result: /bin/grep -E
configure:3111: checking for ANSI C header files
configure:3131: gcc -c -g -O2  conftest.c >&5
configure:3131: $? = 0
configure:3204: gcc -o conftest -g -O2   conftest.c  >&5
configure:3204: $? = 0
configure:3204: ./conftest
configure:3204: $? = 0
configure:3215: result: yes
configure:3228: checking for sys/types.h
configure:3228: gcc -c -g -O2  conftest.c >&5
configure:3228: $? = 0
configure:3228: result: yes
configure:3228: checking for sys/stat.h
configure:3228: gcc -c -g -O2  conftest.c >&5
configure:3228: $? = 0
configure:3228: result: yes
configure:3228: checking for stdlib.h
configure:3228: gcc -c -g -O2  conftest.c >&5
configure:3228: $? = 0
configure:3228: result: yes
configure:3228: checking for string.h
configure:3228: gcc -c -g -O2  conftest.c >&5
configure:3228: $? = 0
configure:3228: result: yes
configure:3228: checking for memory.h
configure:3228: gcc -c -g -O2  conftest.c >&5
configure:3228: $? = 0
configure:3228: result: yes
configure:3228: checking for strings.h
configure:3228: gcc -c -g -O2  conftest.c >&5
configure:3228: $? = 0
configure:3228: result: yes
configure:3228: checking for inttypes.h
configure:3228: gcc -c -g -O2  conftest.c >&5
configure:3228: $? = 0
configure:3228: result: yes
configure:3228: checking for stdint.h
configure:3228: gcc -c -g -O2  conftest.c >&5
configure:3228: $? = 0
configure:3228: result: yes
configure:3228: checking for unistd.h
configure:3228: gcc -c -g -O2  conftest.c >&5
configure:3228: $? = 0
configure:3228: result: yes
configure:3241: checking for size_t
configure:3241: gcc -c -g -O2  conftest.c >&5
configure:3241: $? = 0
configure:3241: gcc -c -g -O2  conftest.c >&5
conftest.c: In function 'main':
conftest.c:55:21: error: expected expression before ')' token
 if (sizeof ((size_t)))
                     ^
configure:3241: $? = 1
configure: failed program was:
| /* confdefs.h */
| #define PACKAGE_NAME "libmpsse"
| #define PACKAGE_TARNAME "libmpsse"
| #define PACKAGE_VERSION "1.3"
| #define PACKAGE_STRING "libmpsse 1.3"
| #define PACKAGE_BUGREPORT "http://libmpsse.googlecode.com"
| #define PACKAGE_URL ""
| #define STDC_HEADERS 1
| #define HAVE_SYS_TYPES_H 1
| #define HAVE_SYS_STAT_H 1
| #define HAVE_STDLIB_H 1
| #define HAVE_STRING_H 1
| #define HAVE_MEMORY_H 1
| #define HAVE_STRINGS_H 1
| #define HAVE_INTTYPES_H 1
| #define HAVE_STDINT_H 1
| #define HAVE_UNISTD_H 1
| /* end confdefs.h.  */
| #include <stdio.h>
| #ifdef HAVE_SYS_TYPES_H
| # include <sys/types.h>
| #endif
| #ifdef HAVE_SYS_STAT_H
| # include <sys/stat.h>
| #endif
| #ifdef STDC_HEADERS
| # include <stdlib.h>
| # include <stddef.h>
| #else
| # ifdef HAVE_STDLIB_H
| #  include <stdlib.h>
| # endif
| #endif
| #ifdef HAVE_STRING_H
| # if !defined STDC_HEADERS && defined HAVE_MEMORY_H
| #  include <memory.h>
| # endif
| # include <string.h>
| #endif
| #ifdef HAVE_STRINGS_H
| # include <strings.h>
| #endif
| #ifdef HAVE_INTTYPES_H
| # include <inttypes.h>
| #endif
| #ifdef HAVE_STDINT_H
| # include <stdint.h>
| #endif
| #ifdef HAVE_UNISTD_H
| # include <unistd.h>
| #endif
| int
| main ()
| {
| if (sizeof ((size_t)))
| 	    return 0;
|   ;
|   return 0;
| }
configure:3241: result: yes
configure:3254: checking for stdlib.h
configure:3254: result: yes
configure:3264: checking for GNU libc compatible malloc
configure:3288: gcc -o conftest -g -O2   conftest.c  >&5
configure:3288: $? = 0
configure:3288: ./conftest
configure:3288: $? = 0
configure:3298: result: yes
configure:3324: checking libftdi1/ftdi.h usability
configure:3324: gcc -c -Wall -fPIC -fno-strict-aliasing -g -O2  conftest.c >&5
conftest.c:54:10: fatal error: libftdi1/ftdi.h: No such file or directory
 #include <libftdi1/ftdi.h>
          ^~~~~~~~~~~~~~~~~
compilation terminated.
configure:3324: $? = 1
configure: failed program was:
| /* confdefs.h */
| #define PACKAGE_NAME "libmpsse"
| #define PACKAGE_TARNAME "libmpsse"
| #define PACKAGE_VERSION "1.3"
| #define PACKAGE_STRING "libmpsse 1.3"
| #define PACKAGE_BUGREPORT "http://libmpsse.googlecode.com"
| #define PACKAGE_URL ""
| #define STDC_HEADERS 1
| #define HAVE_SYS_TYPES_H 1
| #define HAVE_SYS_STAT_H 1
| #define HAVE_STDLIB_H 1
| #define HAVE_STRING_H 1
| #define HAVE_MEMORY_H 1
| #define HAVE_STRINGS_H 1
| #define HAVE_INTTYPES_H 1
| #define HAVE_STDINT_H 1
| #define HAVE_UNISTD_H 1
| #define HAVE_STDLIB_H 1
| #define HAVE_MALLOC 1
| /* end confdefs.h.  */
| #include <stdio.h>
| #ifdef HAVE_SYS_TYPES_H
| # include <sys/types.h>
| #endif
| #ifdef HAVE_SYS_STAT_H
| # include <sys/stat.h>
| #endif
| #ifdef STDC_HEADERS
| # include <stdlib.h>
| # include <stddef.h>
| #else
| # ifdef HAVE_STDLIB_H
| #  include <stdlib.h>
| # endif
| #endif
| #ifdef HAVE_STRING_H
| # if !defined STDC_HEADERS && defined HAVE_MEMORY_H
| #  include <memory.h>
| # endif
| # include <string.h>
| #endif
| #ifdef HAVE_STRINGS_H
| # include <strings.h>
| #endif
| #ifdef HAVE_INTTYPES_H
| # include <inttypes.h>
| #endif
| #ifdef HAVE_STDINT_H
| # include <stdint.h>
| #endif
| #ifdef HAVE_UNISTD_H
| # include <unistd.h>
| #endif
| #include <libftdi1/ftdi.h>
configure:3324: result: no
configure:3324: checking libftdi1/ftdi.h presence
configure:3324: gcc -E  conftest.c
conftest.c:21:10: fatal error: libftdi1/ftdi.h: No such file or directory
 #include <libftdi1/ftdi.h>
          ^~~~~~~~~~~~~~~~~
compilation terminated.
configure:3324: $? = 1
configure: failed program was:
| /* confdefs.h */
| #define PACKAGE_NAME "libmpsse"
| #define PACKAGE_TARNAME "libmpsse"
| #define PACKAGE_VERSION "1.3"
| #define PACKAGE_STRING "libmpsse 1.3"
| #define PACKAGE_BUGREPORT "http://libmpsse.googlecode.com"
| #define PACKAGE_URL ""
| #define STDC_HEADERS 1
| #define HAVE_SYS_TYPES_H 1
| #define HAVE_SYS_STAT_H 1
| #define HAVE_STDLIB_H 1
| #define HAVE_STRING_H 1
| #define HAVE_MEMORY_H 1
| #define HAVE_STRINGS_H 1
| #define HAVE_INTTYPES_H 1
| #define HAVE_STDINT_H 1
| #define HAVE_UNISTD_H 1
| #define HAVE_STDLIB_H 1
| #define HAVE_MALLOC 1
| /* end confdefs.h.  */
| #include <libftdi1/ftdi.h>
configure:3324: result: no
configure:3324: checking for libftdi1/ftdi.h
configure:3324: result: no
configure:3341: checking ftdi.h usability
configure:3341: gcc -c -Wall -fPIC -fno-strict-aliasing -g -O2  conftest.c >&5
configure:3341: $? = 0
configure:3341: result: yes
configure:3341: checking ftdi.h presence
configure:3341: gcc -E  conftest.c
configure:3341: $? = 0
configure:3341: result: yes
configure:3341: checking for ftdi.h
configure:3341: result: yes
configure:3353: checking for ftdi_init in -lftdi
configure:3378: gcc -o conftest -Wall -fPIC -fno-strict-aliasing -g -O2   conftest.c -lftdi   >&5
configure:3378: $? = 0
configure:3387: result: yes
configure:3659: creating ./config.status

## ---------------------- ##
## Running config.status. ##
## ---------------------- ##

This file was extended by libmpsse config.status 1.3, which was
generated by GNU Autoconf 2.65.  Invocation command line was

  CONFIG_FILES    = 
  CONFIG_HEADERS  = 
  CONFIG_LINKS    = 
  CONFIG_COMMANDS = 
  $ ./config.status 

on ttn-gateway

config.status:730: creating Makefile

## ---------------- ##
## Cache variables. ##
## ---------------- ##

ac_cv_c_compiler_gnu=yes
ac_cv_env_CC_set=
ac_cv_env_CC_value=
ac_cv_env_CFLAGS_set=
ac_cv_env_CFLAGS_value=
ac_cv_env_CPPFLAGS_set=
ac_cv_env_CPPFLAGS_value=
ac_cv_env_CPP_set=
ac_cv_env_CPP_value=
ac_cv_env_LDFLAGS_set=
ac_cv_env_LDFLAGS_value=
ac_cv_env_LIBS_set=
ac_cv_env_LIBS_value=
ac_cv_env_build_alias_set=
ac_cv_env_build_alias_value=
ac_cv_env_host_alias_set=
ac_cv_env_host_alias_value=
ac_cv_env_target_alias_set=
ac_cv_env_target_alias_value=
ac_cv_func_malloc_0_nonnull=yes
ac_cv_header_ftdi_h=yes
ac_cv_header_inttypes_h=yes
ac_cv_header_libftdi1_ftdi_h=no
ac_cv_header_memory_h=yes
ac_cv_header_stdc=yes
ac_cv_header_stdint_h=yes
ac_cv_header_stdlib_h=yes
ac_cv_header_string_h=yes
ac_cv_header_strings_h=yes
ac_cv_header_sys_stat_h=yes
ac_cv_header_sys_types_h=yes
ac_cv_header_unistd_h=yes
ac_cv_lib_ftdi_ftdi_init=yes
ac_cv_objext=o
ac_cv_path_EGREP='/bin/grep -E'
ac_cv_path_GREP=/bin/grep
ac_cv_prog_CPP='gcc -E'
ac_cv_prog_ac_ct_CC=gcc
ac_cv_prog_cc_c89=
ac_cv_prog_cc_g=yes
ac_cv_type_size_t=yes

## ----------------- ##
## Output variables. ##
## ----------------- ##

BUILD=''
CC='gcc'
CFLAGS='-Wall -fPIC -fno-strict-aliasing -g -O2'
CPP='gcc -E'
CPPFLAGS=''
DEFS='-DPACKAGE_NAME=\"libmpsse\" -DPACKAGE_TARNAME=\"libmpsse\" -DPACKAGE_VERSION=\"1.3\" -DPACKAGE_STRING=\"libmpsse\ 1.3\" -DPACKAGE_BUGREPORT=\"http://libmpsse.googlecode.com\" -DPACKAGE_URL=\"\" -DSTDC_HEADERS=1 -DHAVE_SYS_TYPES_H=1 -DHAVE_SYS_STAT_H=1 -DHAVE_STDLIB_H=1 -DHAVE_STRING_H=1 -DHAVE_MEMORY_H=1 -DHAVE_STRINGS_H=1 -DHAVE_INTTYPES_H=1 -DHAVE_STDINT_H=1 -DHAVE_UNISTD_H=1 -DHAVE_STDLIB_H=1 -DHAVE_MALLOC=1 -DHAVE_FTDI_H=1 -DHAVE_LIBFTDI=1'
ECHO_C=''
ECHO_N='-n'
ECHO_T=''
EGREP='/bin/grep -E'
EXEEXT=''
FRAMEWORK=''
GREP='/bin/grep'
LDFLAGS='-lftdi '
LIBFTDI1='0'
LIBOBJS=''
LIBS='-lftdi '
LTLIBOBJS=''
OBJEXT='o'
PACKAGE_BUGREPORT='http://libmpsse.googlecode.com'
PACKAGE_NAME='libmpsse'
PACKAGE_STRING='libmpsse 1.3'
PACKAGE_TARNAME='libmpsse'
PACKAGE_URL=''
PACKAGE_VERSION='1.3'
PATH_SEPARATOR=':'
PYDEV=''
PYLIB=''
SHELL='/bin/bash'
SONAME='-soname'
SWIG=''
ac_ct_CC='gcc'
bindir='${exec_prefix}/bin'
build_alias=''
datadir='${datarootdir}'
datarootdir='${prefix}/share'
docdir='${datarootdir}/doc/${PACKAGE_TARNAME}'
dvidir='${docdir}'
exec_prefix='${prefix}'
host_alias=''
htmldir='${docdir}'
includedir='${prefix}/include'
infodir='${datarootdir}/info'
libdir='${exec_prefix}/lib'
libexecdir='${exec_prefix}/libexec'
localedir='${datarootdir}/locale'
localstatedir='${prefix}/var'
mandir='${datarootdir}/man'
oldincludedir='/usr/include'
pdfdir='${docdir}'
prefix='/usr/local'
program_transform_name='s,x,x,'
psdir='${docdir}'
sbindir='${exec_prefix}/sbin'
sharedstatedir='${prefix}/com'
sysconfdir='${prefix}/etc'
target_alias=''

## ----------- ##
## confdefs.h. ##
## ----------- ##

/* confdefs.h */
#define PACKAGE_NAME "libmpsse"
#define PACKAGE_TARNAME "libmpsse"
#define PACKAGE_VERSION "1.3"
#define PACKAGE_STRING "libmpsse 1.3"
#define PACKAGE_BUGREPORT "http://libmpsse.googlecode.com"
#define PACKAGE_URL ""
#define STDC_HEADERS 1
#define HAVE_SYS_TYPES_H 1
#define HAVE_SYS_STAT_H 1
#define HAVE_STDLIB_H 1
#define HAVE_STRING_H 1
#define HAVE_MEMORY_H 1
#define HAVE_STRINGS_H 1
#define HAVE_INTTYPES_H 1
#define HAVE_STDINT_H 1
#define HAVE_UNISTD_H 1
#define HAVE_STDLIB_H 1
#define HAVE_MALLOC 1
#define HAVE_FTDI_H 1
#define HAVE_LIBFTDI 1

configure: exit 0
